\o Program:		@(#)$CDS: libManager version 6.1.8 - CAT37 05/19/2023 15:55 (sjfdcl1034) $
\o Sub version:		sub-version  s332 
\o Arguments:		-mpssession virtuoso3251528 -mpshost caddy01.stanford.edu 
\o Working Directory:	caddy01.stanford.edu:/home/users/owenr/RF_Projects/Setup/WB-LNA
\o 64-bit offsets
\o Qt version: 		5.9.1
\o Log file is "/home/users/owenr/RF_Projects/Setup/WB-LNA/libManager.log".
\o Opening libManager window.
\a nrResizeWindow(cdsLibManager list(8 31 602 491))
\a nrSetCurrentWindow(cdsLibManager)
\o MPS virtuoso types registered: 65
\o changeWorkingDir("/home/users/owenr/RF_Projects/Setup/WB-LNA") unnecessary.
\o ddSetForcedLib("") unnecessary.
\o MPS service: map window
\a cdsLibManager->cellComboFilter->value = "nmo"
\a cdsLibManager->cellComboFilter->value = ""
\o Library Manager customization server connected.
\a cdsLibManager->libListBox->value = "owenr-lib"
\a cdsLibManager->libLineEdit->value = "owenr-lib"
\a cdsLibManager->libLineEdit->value = ""
\a cdsLibManager->libListBox->value = nil
\a nrListItemAction(cdsLibManager->libListBox "owenr-lib" 0)
\a cdsLibManager->libListBox->value = "owenr-lib"
\a cdsLibManager->libLineEdit->value = "owenr-lib"
\a cdsLibManager->FileNewCVButton->value = t
\a cdsLibManager->libListBox->value = nil
\a cdsLibManager->libLineEdit->value = ""
\a cdsLibManager->libListBox->value = "owenr-lib"
\a cdsLibManager->libLineEdit->value = "owenr-lib"
\a nrSetCurrentWindow(cdsLibManager)
\a nrSetCurrentWindow(cdsLibManager)
\a cdsLibManager->libListBox->value = nil
\a cdsLibManager->libLineEdit->value = ""
\a cdsLibManager->libListBox->value = "owenr-lib"
\a cdsLibManager->libLineEdit->value = "owenr-lib"
\a cdsLibManager->cellListBox->value = "top_level"
\a cdsLibManager->cellLineEdit->value = "top_level"
\a cdsLibManager->viewListBox->value = "schematic"
\a cdsLibManager->viewLineEdit->value = "schematic"
\a cdsLibManager->cellLineEdit->value = ""
\a cdsLibManager->cellListBox->value = nil
\a cdsLibManager->viewLineEdit->value = ""
\a cdsLibManager->viewListBox->value = nil
\a cdsLibManager->cellListBox->value = "top_level"
\a cdsLibManager->cellLineEdit->value = "top_level"
\a cdsLibManager->viewListBox->value = "schematic"
\a cdsLibManager->viewLineEdit->value = "schematic"
\a cdsLibManager->viewLineEdit->value = ""
\a cdsLibManager->viewListBox->value = nil
\a cdsLibManager->viewListBox->value = "schematic"
\a cdsLibManager->viewLineEdit->value = "schematic"
\a nrSetCurrentWindow(cdsLibManager)
\a cdsLibManager->libListBox->value = "cdsDefTechLib"
\a cdsLibManager->libLineEdit->value = "cdsDefTechLib"
\a cdsLibManager->cellLineEdit->value = ""
\a cdsLibManager->cellListBox->value = nil
\a cdsLibManager->viewLineEdit->value = ""
\a cdsLibManager->viewListBox->value = nil
\a cdsLibManager->libListBox->value = "owenr-lib"
\a cdsLibManager->libLineEdit->value = "owenr-lib"
\a cdsLibManager->cellListBox->value = "top_level"
\a cdsLibManager->cellLineEdit->value = "top_level"
\a cdsLibManager->viewListBox->value = "schematic"
\a cdsLibManager->viewLineEdit->value = "schematic"
\a nrSetWindowVisibility(cdsLibManager "hide")
\a _lmgrCloseIconify("cdsLibManager" 1)
\a nrSetCurrentWindow(cdsLibManager)
\a nrSetWindowVisibility(cdsLibManager "show")
\a _lmgrCloseIconify("cdsLibManager" 0)
\o MPS service: shutdown
\o libManager is exiting.
\a exit(0)
